This is pdfTeX, Version 3.141592653-2.6-1.40.24 (MiKTeX 22.7) (preloaded format=pdflatex 2022.10.13)  11 NOV 2022 22:30
entering extended mode
 restricted \write18 enabled.
 file:line:error style messages enabled.
 %&-line parsing enabled.
**c:/Users/DANIEL/workspace/gw2_srs/GW2_SRS/Documentation/complete_doc.tex
(c:/Users/DANIEL/workspace/gw2_srs/GW2_SRS/Documentation/complete_doc.tex
LaTeX2e <2022-06-01> patch level 5
L3 programming layer <2022-07-04> (C:\Users\DANIEL\AppData\Local\Programs\MiKTeX\tex/latex/base\article.cls
Document Class: article 2021/10/04 v1.4n Standard LaTeX document class
(C:\Users\DANIEL\AppData\Local\Programs\MiKTeX\tex/latex/base\size12.clo
File: size12.clo 2021/10/04 v1.4n Standard LaTeX file (size option)
)
\c@part=\count185
\c@section=\count186
\c@subsection=\count187
\c@subsubsection=\count188
\c@paragraph=\count189
\c@subparagraph=\count190
\c@figure=\count191
\c@table=\count192
\abovecaptionskip=\skip47
\belowcaptionskip=\skip48
\bibindent=\dimen138
) (C:\Users\DANIEL\AppData\Local\Programs\MiKTeX\tex/latex/comment\comment.sty
\CommentStream=\write3
 Excluding comment 'comment') (C:\Users\DANIEL\AppData\Local\Programs\MiKTeX\tex/latex/hyperref\hyperref.sty
Package: hyperref 2022-06-20 v7.00s Hypertext links for LaTeX
 (C:\Users\DANIEL\AppData\Local\Programs\MiKTeX\tex/generic/ltxcmds\ltxcmds.sty
Package: ltxcmds 2020-05-10 v1.25 LaTeX kernel commands for general use (HO)
) (C:\Users\DANIEL\AppData\Local\Programs\MiKTeX\tex/generic/iftex\iftex.sty
Package: iftex 2022/02/03 v1.0f TeX engine tests
) (C:\Users\DANIEL\AppData\Local\Programs\MiKTeX\tex/generic/pdftexcmds\pdftexcmds.sty
Package: pdftexcmds 2020-06-27 v0.33 Utility functions of pdfTeX for LuaTeX (HO)
 (C:\Users\DANIEL\AppData\Local\Programs\MiKTeX\tex/generic/infwarerr\infwarerr.sty
Package: infwarerr 2019/12/03 v1.5 Providing info/warning/error messages (HO)
)
Package pdftexcmds Info: \pdf@primitive is available.
Package pdftexcmds Info: \pdf@ifprimitive is available.
Package pdftexcmds Info: \pdfdraftmode found.
) (C:\Users\DANIEL\AppData\Local\Programs\MiKTeX\tex/latex/graphics\keyval.sty
Package: keyval 2022/05/29 v1.15 key=value parser (DPC)
\KV@toks@=\toks16
) (C:\Users\DANIEL\AppData\Local\Programs\MiKTeX\tex/latex/kvsetkeys\kvsetkeys.sty
Package: kvsetkeys 2022-10-05 v1.19 Key value parser (HO)
) (C:\Users\DANIEL\AppData\Local\Programs\MiKTeX\tex/generic/kvdefinekeys\kvdefinekeys.sty
Package: kvdefinekeys 2019-12-19 v1.6 Define keys (HO)
) (C:\Users\DANIEL\AppData\Local\Programs\MiKTeX\tex/generic/pdfescape\pdfescape.sty
Package: pdfescape 2019/12/09 v1.15 Implements pdfTeX's escape features (HO)
) (C:\Users\DANIEL\AppData\Local\Programs\MiKTeX\tex/latex/hycolor\hycolor.sty
Package: hycolor 2020-01-27 v1.10 Color options for hyperref/bookmark (HO)
) (C:\Users\DANIEL\AppData\Local\Programs\MiKTeX\tex/latex/letltxmacro\letltxmacro.sty
Package: letltxmacro 2019/12/03 v1.6 Let assignment for LaTeX macros (HO)
) (C:\Users\DANIEL\AppData\Local\Programs\MiKTeX\tex/latex/auxhook\auxhook.sty
Package: auxhook 2019-12-17 v1.6 Hooks for auxiliary files (HO)
) (C:\Users\DANIEL\AppData\Local\Programs\MiKTeX\tex/latex/hyperref\nameref.sty
Package: nameref 2022-05-17 v2.50 Cross-referencing by name of section
 (C:\Users\DANIEL\AppData\Local\Programs\MiKTeX\tex/latex/refcount\refcount.sty
Package: refcount 2019/12/15 v3.6 Data extraction from label references (HO)
) (C:\Users\DANIEL\AppData\Local\Programs\MiKTeX\tex/generic/gettitlestring\gettitlestring.sty
Package: gettitlestring 2019/12/15 v1.6 Cleanup title references (HO)
 (C:\Users\DANIEL\AppData\Local\Programs\MiKTeX\tex/latex/kvoptions\kvoptions.sty
Package: kvoptions 2022-06-15 v3.15 Key value format for package options (HO)
))
\c@section@level=\count193
)
\@linkdim=\dimen139
\Hy@linkcounter=\count194
\Hy@pagecounter=\count195
 (C:\Users\DANIEL\AppData\Local\Programs\MiKTeX\tex/latex/hyperref\pd1enc.def
File: pd1enc.def 2022-06-20 v7.00s Hyperref: PDFDocEncoding definition (HO)
Now handling font encoding PD1 ...
... no UTF-8 mapping file for font encoding PD1
) (C:\Users\DANIEL\AppData\Local\Programs\MiKTeX\tex/generic/intcalc\intcalc.sty
Package: intcalc 2019/12/15 v1.3 Expandable calculations with integers (HO)
) (C:\Users\DANIEL\AppData\Local\Programs\MiKTeX\tex/generic/etexcmds\etexcmds.sty
Package: etexcmds 2019/12/15 v1.7 Avoid name clashes with e-TeX commands (HO)
)
\Hy@SavedSpaceFactor=\count196
 (C:\Users\DANIEL\AppData\Local\Programs\MiKTeX\tex/latex/hyperref\puenc.def
File: puenc.def 2022-06-20 v7.00s Hyperref: PDF Unicode definition (HO)
Now handling font encoding PU ...
... no UTF-8 mapping file for font encoding PU
)
Package hyperref Info: Hyper figures OFF on input line 4162.
Package hyperref Info: Link nesting OFF on input line 4167.
Package hyperref Info: Hyper index ON on input line 4170.
Package hyperref Info: Plain pages OFF on input line 4177.
Package hyperref Info: Backreferencing OFF on input line 4182.
Package hyperref Info: Implicit mode ON; LaTeX internals redefined.
Package hyperref Info: Bookmarks ON on input line 4408.
\c@Hy@tempcnt=\count197
 (C:\Users\DANIEL\AppData\Local\Programs\MiKTeX\tex/latex/url\url.sty
\Urlmuskip=\muskip16
Package: url 2013/09/16  ver 3.4  Verb mode for urls, etc.
)
LaTeX Info: Redefining \url on input line 4746.
\XeTeXLinkMargin=\dimen140
 (C:\Users\DANIEL\AppData\Local\Programs\MiKTeX\tex/generic/bitset\bitset.sty
Package: bitset 2019/12/09 v1.3 Handle bit-vector datatype (HO)
 (C:\Users\DANIEL\AppData\Local\Programs\MiKTeX\tex/generic/bigintcalc\bigintcalc.sty
Package: bigintcalc 2019/12/15 v1.5 Expandable calculations on big integers (HO)
))
\Fld@menulength=\count198
\Field@Width=\dimen141
\Fld@charsize=\dimen142
Package hyperref Info: Hyper figures OFF on input line 6024.
Package hyperref Info: Link nesting OFF on input line 6029.
Package hyperref Info: Hyper index ON on input line 6032.
Package hyperref Info: backreferencing OFF on input line 6039.
Package hyperref Info: Link coloring OFF on input line 6044.
Package hyperref Info: Link coloring with OCG OFF on input line 6049.
Package hyperref Info: PDF/A mode OFF on input line 6054.
 (C:\Users\DANIEL\AppData\Local\Programs\MiKTeX\tex/latex/base\atbegshi-ltx.sty
Package: atbegshi-ltx 2021/01/10 v1.0c Emulation of the original atbegshi
package with kernel methods
)
\Hy@abspage=\count199
\c@Item=\count266
\c@Hfootnote=\count267
)
Package hyperref Info: Driver (autodetected): hpdftex.
 (C:\Users\DANIEL\AppData\Local\Programs\MiKTeX\tex/latex/hyperref\hpdftex.def
File: hpdftex.def 2022-06-20 v7.00s Hyperref driver for pdfTeX
 (C:\Users\DANIEL\AppData\Local\Programs\MiKTeX\tex/latex/base\atveryend-ltx.sty
Package: atveryend-ltx 2020/08/19 v1.0a Emulation of the original atveryend package
with kernel methods
)
\Fld@listcount=\count268
\c@bookmark@seq@number=\count269
 (C:\Users\DANIEL\AppData\Local\Programs\MiKTeX\tex/latex/rerunfilecheck\rerunfilecheck.sty
Package: rerunfilecheck 2022-07-10 v1.10 Rerun checks for auxiliary files (HO)
 (C:\Users\DANIEL\AppData\Local\Programs\MiKTeX\tex/generic/uniquecounter\uniquecounter.sty
Package: uniquecounter 2019/12/15 v1.4 Provide unlimited unique counter (HO)
)
Package uniquecounter Info: New unique counter `rerunfilecheck' on input line 285.
)
\Hy@SectionHShift=\skip49
) (C:\Users\DANIEL\AppData\Local\Programs\MiKTeX\tex/latex/listings\listings.sty
\lst@mode=\count270
\lst@gtempboxa=\box51
\lst@token=\toks17
\lst@length=\count271
\lst@currlwidth=\dimen143
\lst@column=\count272
\lst@pos=\count273
\lst@lostspace=\dimen144
\lst@width=\dimen145
\lst@newlines=\count274
\lst@lineno=\count275
\lst@maxwidth=\dimen146
 (C:\Users\DANIEL\AppData\Local\Programs\MiKTeX\tex/latex/listings\lstmisc.sty
File: lstmisc.sty 2020/03/24 1.8d (Carsten Heinz)
\c@lstnumber=\count276
\lst@skipnumbers=\count277
\lst@framebox=\box52
) (C:\Users\DANIEL\AppData\Local\Programs\MiKTeX\tex/latex/listings\listings.cfg
File: listings.cfg 2020/03/24 1.8d listings configuration
))
Package: listings 2020/03/24 1.8d (Carsten Heinz)
 (C:\Users\DANIEL\AppData\Local\Programs\MiKTeX\tex/latex/graphics\graphicx.sty
Package: graphicx 2021/09/16 v1.2d Enhanced LaTeX Graphics (DPC,SPQR)
 (C:\Users\DANIEL\AppData\Local\Programs\MiKTeX\tex/latex/graphics\graphics.sty
Package: graphics 2022/03/10 v1.4e Standard LaTeX Graphics (DPC,SPQR)
 (C:\Users\DANIEL\AppData\Local\Programs\MiKTeX\tex/latex/graphics\trig.sty
Package: trig 2021/08/11 v1.11 sin cos tan (DPC)
) (C:\Users\DANIEL\AppData\Local\Programs\MiKTeX\tex/latex/graphics-cfg\graphics.cfg
File: graphics.cfg 2016/06/04 v1.11 sample graphics configuration
)
Package graphics Info: Driver file: pdftex.def on input line 107.
 (C:\Users\DANIEL\AppData\Local\Programs\MiKTeX\tex/latex/graphics-def\pdftex.def
File: pdftex.def 2020/10/05 v1.2a Graphics/color driver for pdftex
))
\Gin@req@height=\dimen147
\Gin@req@width=\dimen148
) (C:\Users\DANIEL\AppData\Local\Programs\MiKTeX\tex/latex/caption\subcaption.sty
Package: subcaption 2022/01/07 v1.5 Sub-captions (AR)
 (C:\Users\DANIEL\AppData\Local\Programs\MiKTeX\tex/latex/caption\caption.sty
Package: caption 2022/03/01 v3.6b Customizing captions (AR)
 (C:\Users\DANIEL\AppData\Local\Programs\MiKTeX\tex/latex/caption\caption3.sty
Package: caption3 2022/03/17 v2.3b caption3 kernel (AR)
\caption@tempdima=\dimen149
\captionmargin=\dimen150
\caption@leftmargin=\dimen151
\caption@rightmargin=\dimen152
\caption@width=\dimen153
\caption@indent=\dimen154
\caption@parindent=\dimen155
\caption@hangindent=\dimen156
Package caption Info: Standard document class detected.
)
\c@caption@flags=\count278
\c@continuedfloat=\count279
Package caption Info: hyperref package is loaded.
Package caption Info: listings package is loaded.
)
\c@subfigure=\count280
\c@subtable=\count281
) (C:\Users\DANIEL\AppData\Local\Programs\MiKTeX\tex/latex/float\float.sty
Package: float 2001/11/08 v1.3d Float enhancements (AL)
\c@float@type=\count282
\float@exts=\toks18
\float@box=\box53
\@float@everytoks=\toks19
\@floatcapt=\box54
) (C:\Users\DANIEL\AppData\Local\Programs\MiKTeX\tex/latex/xcolor\xcolor.sty
Package: xcolor 2022/06/12 v2.14 LaTeX color extensions (UK)
 (C:\Users\DANIEL\AppData\Local\Programs\MiKTeX\tex/latex/graphics-cfg\color.cfg
File: color.cfg 2016/01/02 v1.6 sample color configuration
)
Package xcolor Info: Driver file: pdftex.def on input line 227.
 (C:\Users\DANIEL\AppData\Local\Programs\MiKTeX\tex/latex/colortbl\colortbl.sty
Package: colortbl 2022/06/20 v1.0f Color table columns (DPC)
 (C:\Users\DANIEL\AppData\Local\Programs\MiKTeX\tex/latex/tools\array.sty
Package: array 2021/10/04 v2.5f Tabular extension package (FMi)
\col@sep=\dimen157
\ar@mcellbox=\box55
\extrarowheight=\dimen158
\NC@list=\toks20
\extratabsurround=\skip50
\backup@length=\skip51
\ar@cellbox=\box56
)
\everycr=\toks21
\minrowclearance=\skip52
\rownum=\count283
) (C:\Users\DANIEL\AppData\Local\Programs\MiKTeX\tex/latex-dev/graphics\mathcolor.ltx)
Package xcolor Info: Model `cmy' substituted by `cmy0' on input line 1353.
Package xcolor Info: Model `hsb' substituted by `rgb' on input line 1357.
Package xcolor Info: Model `RGB' extended on input line 1369.
Package xcolor Info: Model `HTML' substituted by `rgb' on input line 1371.
Package xcolor Info: Model `Hsb' substituted by `hsb' on input line 1372.
Package xcolor Info: Model `tHsb' substituted by `hsb' on input line 1373.
Package xcolor Info: Model `HSB' substituted by `hsb' on input line 1374.
Package xcolor Info: Model `Gray' substituted by `gray' on input line 1375.
Package xcolor Info: Model `wave' substituted by `hsb' on input line 1376.
) (C:\Users\DANIEL\AppData\Local\Programs\MiKTeX\tex/latex/wrapfig\wrapfig.sty
\wrapoverhang=\dimen159
\WF@size=\dimen160
\c@WF@wrappedlines=\count284
\WF@box=\box57
\WF@everypar=\toks22
Package: wrapfig 2003/01/31  v 3.6
) (C:\Users\DANIEL\AppData\Local\Programs\MiKTeX\tex/latex/tcolorbox\tcolorbox.sty
Package: tcolorbox 2022/06/24 version 5.1.1 text color boxes
 (C:\Users\DANIEL\AppData\Local\Programs\MiKTeX\tex/latex/pgf/basiclayer\pgf.sty (C:\Users\DANIEL\AppData\Local\Programs\MiKTeX\tex/latex/pgf/utilities\pgfrcs.sty (C:\Users\DANIEL\AppData\Local\Programs\MiKTeX\tex/generic/pgf/utilities\pgfutil-common.tex
\pgfutil@everybye=\toks23
\pgfutil@tempdima=\dimen161
\pgfutil@tempdimb=\dimen162
 (C:\Users\DANIEL\AppData\Local\Programs\MiKTeX\tex/generic/pgf/utilities\pgfutil-common-lists.tex)) (C:\Users\DANIEL\AppData\Local\Programs\MiKTeX\tex/generic/pgf/utilities\pgfutil-latex.def
\pgfutil@abb=\box58
) (C:\Users\DANIEL\AppData\Local\Programs\MiKTeX\tex/generic/pgf/utilities\pgfrcs.code.tex (C:\Users\DANIEL\AppData\Local\Programs\MiKTeX\tex/generic/pgf\pgf.revision.tex)
Package: pgfrcs 2021/05/15 v3.1.9a (3.1.9a)
))
Package: pgf 2021/05/15 v3.1.9a (3.1.9a)
 (C:\Users\DANIEL\AppData\Local\Programs\MiKTeX\tex/latex/pgf/basiclayer\pgfcore.sty (C:\Users\DANIEL\AppData\Local\Programs\MiKTeX\tex/latex/pgf/systemlayer\pgfsys.sty (C:\Users\DANIEL\AppData\Local\Programs\MiKTeX\tex/generic/pgf/systemlayer\pgfsys.code.tex
Package: pgfsys 2021/05/15 v3.1.9a (3.1.9a)
 (C:\Users\DANIEL\AppData\Local\Programs\MiKTeX\tex/generic/pgf/utilities\pgfkeys.code.tex
\pgfkeys@pathtoks=\toks24
\pgfkeys@temptoks=\toks25
 (C:\Users\DANIEL\AppData\Local\Programs\MiKTeX\tex/generic/pgf/utilities\pgfkeysfiltered.code.tex
\pgfkeys@tmptoks=\toks26
))
\pgf@x=\dimen163
\pgf@y=\dimen164
\pgf@xa=\dimen165
\pgf@ya=\dimen166
\pgf@xb=\dimen167
\pgf@yb=\dimen168
\pgf@xc=\dimen169
\pgf@yc=\dimen170
\pgf@xd=\dimen171
\pgf@yd=\dimen172
\w@pgf@writea=\write4
\r@pgf@reada=\read2
\c@pgf@counta=\count285
\c@pgf@countb=\count286
\c@pgf@countc=\count287
\c@pgf@countd=\count288
\t@pgf@toka=\toks27
\t@pgf@tokb=\toks28
\t@pgf@tokc=\toks29
\pgf@sys@id@count=\count289
 (C:\Users\DANIEL\AppData\Local\Programs\MiKTeX\tex/generic/pgf/systemlayer\pgf.cfg
File: pgf.cfg 2021/05/15 v3.1.9a (3.1.9a)
)
Driver file for pgf: pgfsys-pdftex.def
 (C:\Users\DANIEL\AppData\Local\Programs\MiKTeX\tex/generic/pgf/systemlayer\pgfsys-pdftex.def
File: pgfsys-pdftex.def 2021/05/15 v3.1.9a (3.1.9a)
 (C:\Users\DANIEL\AppData\Local\Programs\MiKTeX\tex/generic/pgf/systemlayer\pgfsys-common-pdf.def
File: pgfsys-common-pdf.def 2021/05/15 v3.1.9a (3.1.9a)
))) (C:\Users\DANIEL\AppData\Local\Programs\MiKTeX\tex/generic/pgf/systemlayer\pgfsyssoftpath.code.tex
File: pgfsyssoftpath.code.tex 2021/05/15 v3.1.9a (3.1.9a)
\pgfsyssoftpath@smallbuffer@items=\count290
\pgfsyssoftpath@bigbuffer@items=\count291
) (C:\Users\DANIEL\AppData\Local\Programs\MiKTeX\tex/generic/pgf/systemlayer\pgfsysprotocol.code.tex
File: pgfsysprotocol.code.tex 2021/05/15 v3.1.9a (3.1.9a)
)) (C:\Users\DANIEL\AppData\Local\Programs\MiKTeX\tex/generic/pgf/basiclayer\pgfcore.code.tex
Package: pgfcore 2021/05/15 v3.1.9a (3.1.9a)
 (C:\Users\DANIEL\AppData\Local\Programs\MiKTeX\tex/generic/pgf/math\pgfmath.code.tex (C:\Users\DANIEL\AppData\Local\Programs\MiKTeX\tex/generic/pgf/math\pgfmathcalc.code.tex (C:\Users\DANIEL\AppData\Local\Programs\MiKTeX\tex/generic/pgf/math\pgfmathutil.code.tex) (C:\Users\DANIEL\AppData\Local\Programs\MiKTeX\tex/generic/pgf/math\pgfmathparser.code.tex
\pgfmath@dimen=\dimen173
\pgfmath@count=\count292
\pgfmath@box=\box59
\pgfmath@toks=\toks30
\pgfmath@stack@operand=\toks31
\pgfmath@stack@operation=\toks32
) (C:\Users\DANIEL\AppData\Local\Programs\MiKTeX\tex/generic/pgf/math\pgfmathfunctions.code.tex (C:\Users\DANIEL\AppData\Local\Programs\MiKTeX\tex/generic/pgf/math\pgfmathfunctions.basic.code.tex) (C:\Users\DANIEL\AppData\Local\Programs\MiKTeX\tex/generic/pgf/math\pgfmathfunctions.trigonometric.code.tex) (C:\Users\DANIEL\AppData\Local\Programs\MiKTeX\tex/generic/pgf/math\pgfmathfunctions.random.code.tex) (C:\Users\DANIEL\AppData\Local\Programs\MiKTeX\tex/generic/pgf/math\pgfmathfunctions.comparison.code.tex) (C:\Users\DANIEL\AppData\Local\Programs\MiKTeX\tex/generic/pgf/math\pgfmathfunctions.base.code.tex) (C:\Users\DANIEL\AppData\Local\Programs\MiKTeX\tex/generic/pgf/math\pgfmathfunctions.round.code.tex) (C:\Users\DANIEL\AppData\Local\Programs\MiKTeX\tex/generic/pgf/math\pgfmathfunctions.misc.code.tex) (C:\Users\DANIEL\AppData\Local\Programs\MiKTeX\tex/generic/pgf/math\pgfmathfunctions.integerarithmetics.code.tex))) (C:\Users\DANIEL\AppData\Local\Programs\MiKTeX\tex/generic/pgf/math\pgfmathfloat.code.tex
\c@pgfmathroundto@lastzeros=\count293
)) (C:\Users\DANIEL\AppData\Local\Programs\MiKTeX\tex/generic/pgf/math\pgfint.code.tex) (C:\Users\DANIEL\AppData\Local\Programs\MiKTeX\tex/generic/pgf/basiclayer\pgfcorepoints.code.tex
File: pgfcorepoints.code.tex 2021/05/15 v3.1.9a (3.1.9a)
\pgf@picminx=\dimen174
\pgf@picmaxx=\dimen175
\pgf@picminy=\dimen176
\pgf@picmaxy=\dimen177
\pgf@pathminx=\dimen178
\pgf@pathmaxx=\dimen179
\pgf@pathminy=\dimen180
\pgf@pathmaxy=\dimen181
\pgf@xx=\dimen182
\pgf@xy=\dimen183
\pgf@yx=\dimen184
\pgf@yy=\dimen185
\pgf@zx=\dimen186
\pgf@zy=\dimen187
) (C:\Users\DANIEL\AppData\Local\Programs\MiKTeX\tex/generic/pgf/basiclayer\pgfcorepathconstruct.code.tex
File: pgfcorepathconstruct.code.tex 2021/05/15 v3.1.9a (3.1.9a)
\pgf@path@lastx=\dimen188
\pgf@path@lasty=\dimen189
) (C:\Users\DANIEL\AppData\Local\Programs\MiKTeX\tex/generic/pgf/basiclayer\pgfcorepathusage.code.tex
File: pgfcorepathusage.code.tex 2021/05/15 v3.1.9a (3.1.9a)
\pgf@shorten@end@additional=\dimen190
\pgf@shorten@start@additional=\dimen191
) (C:\Users\DANIEL\AppData\Local\Programs\MiKTeX\tex/generic/pgf/basiclayer\pgfcorescopes.code.tex
File: pgfcorescopes.code.tex 2021/05/15 v3.1.9a (3.1.9a)
\pgfpic=\box60
\pgf@hbox=\box61
\pgf@layerbox@main=\box62
\pgf@picture@serial@count=\count294
) (C:\Users\DANIEL\AppData\Local\Programs\MiKTeX\tex/generic/pgf/basiclayer\pgfcoregraphicstate.code.tex
File: pgfcoregraphicstate.code.tex 2021/05/15 v3.1.9a (3.1.9a)
\pgflinewidth=\dimen192
) (C:\Users\DANIEL\AppData\Local\Programs\MiKTeX\tex/generic/pgf/basiclayer\pgfcoretransformations.code.tex
File: pgfcoretransformations.code.tex 2021/05/15 v3.1.9a (3.1.9a)
\pgf@pt@x=\dimen193
\pgf@pt@y=\dimen194
\pgf@pt@temp=\dimen195
) (C:\Users\DANIEL\AppData\Local\Programs\MiKTeX\tex/generic/pgf/basiclayer\pgfcorequick.code.tex
File: pgfcorequick.code.tex 2021/05/15 v3.1.9a (3.1.9a)
) (C:\Users\DANIEL\AppData\Local\Programs\MiKTeX\tex/generic/pgf/basiclayer\pgfcoreobjects.code.tex
File: pgfcoreobjects.code.tex 2021/05/15 v3.1.9a (3.1.9a)
) (C:\Users\DANIEL\AppData\Local\Programs\MiKTeX\tex/generic/pgf/basiclayer\pgfcorepathprocessing.code.tex
File: pgfcorepathprocessing.code.tex 2021/05/15 v3.1.9a (3.1.9a)
) (C:\Users\DANIEL\AppData\Local\Programs\MiKTeX\tex/generic/pgf/basiclayer\pgfcorearrows.code.tex
File: pgfcorearrows.code.tex 2021/05/15 v3.1.9a (3.1.9a)
\pgfarrowsep=\dimen196
) (C:\Users\DANIEL\AppData\Local\Programs\MiKTeX\tex/generic/pgf/basiclayer\pgfcoreshade.code.tex
File: pgfcoreshade.code.tex 2021/05/15 v3.1.9a (3.1.9a)
\pgf@max=\dimen197
\pgf@sys@shading@range@num=\count295
\pgf@shadingcount=\count296
) (C:\Users\DANIEL\AppData\Local\Programs\MiKTeX\tex/generic/pgf/basiclayer\pgfcoreimage.code.tex
File: pgfcoreimage.code.tex 2021/05/15 v3.1.9a (3.1.9a)
 (C:\Users\DANIEL\AppData\Local\Programs\MiKTeX\tex/generic/pgf/basiclayer\pgfcoreexternal.code.tex
File: pgfcoreexternal.code.tex 2021/05/15 v3.1.9a (3.1.9a)
\pgfexternal@startupbox=\box63
)) (C:\Users\DANIEL\AppData\Local\Programs\MiKTeX\tex/generic/pgf/basiclayer\pgfcorelayers.code.tex
File: pgfcorelayers.code.tex 2021/05/15 v3.1.9a (3.1.9a)
) (C:\Users\DANIEL\AppData\Local\Programs\MiKTeX\tex/generic/pgf/basiclayer\pgfcoretransparency.code.tex
File: pgfcoretransparency.code.tex 2021/05/15 v3.1.9a (3.1.9a)
) (C:\Users\DANIEL\AppData\Local\Programs\MiKTeX\tex/generic/pgf/basiclayer\pgfcorepatterns.code.tex
File: pgfcorepatterns.code.tex 2021/05/15 v3.1.9a (3.1.9a)
) (C:\Users\DANIEL\AppData\Local\Programs\MiKTeX\tex/generic/pgf/basiclayer\pgfcorerdf.code.tex
File: pgfcorerdf.code.tex 2021/05/15 v3.1.9a (3.1.9a)
))) (C:\Users\DANIEL\AppData\Local\Programs\MiKTeX\tex/generic/pgf/modules\pgfmoduleshapes.code.tex
File: pgfmoduleshapes.code.tex 2021/05/15 v3.1.9a (3.1.9a)
\pgfnodeparttextbox=\box64
) (C:\Users\DANIEL\AppData\Local\Programs\MiKTeX\tex/generic/pgf/modules\pgfmoduleplot.code.tex
File: pgfmoduleplot.code.tex 2021/05/15 v3.1.9a (3.1.9a)
) (C:\Users\DANIEL\AppData\Local\Programs\MiKTeX\tex/latex/pgf/compatibility\pgfcomp-version-0-65.sty
Package: pgfcomp-version-0-65 2021/05/15 v3.1.9a (3.1.9a)
\pgf@nodesepstart=\dimen198
\pgf@nodesepend=\dimen199
) (C:\Users\DANIEL\AppData\Local\Programs\MiKTeX\tex/latex/pgf/compatibility\pgfcomp-version-1-18.sty
Package: pgfcomp-version-1-18 2021/05/15 v3.1.9a (3.1.9a)
)) (C:\Users\DANIEL\AppData\Local\Programs\MiKTeX\tex/latex/tools\verbatim.sty
Package: verbatim 2020-07-07 v1.5u LaTeX2e package for verbatim enhancements
\every@verbatim=\toks33
\verbatim@line=\toks34
\verbatim@in@stream=\read3
) (C:\Users\DANIEL\AppData\Local\Programs\MiKTeX\tex/latex/environ\environ.sty
Package: environ 2014/05/04 v0.3 A new way to define environments
 (C:\Users\DANIEL\AppData\Local\Programs\MiKTeX\tex/latex/trimspaces\trimspaces.sty
Package: trimspaces 2009/09/17 v1.1 Trim spaces around a token list
)
\@envbody=\toks35
) (C:\Users\DANIEL\AppData\Local\Programs\MiKTeX\tex/latex/etoolbox\etoolbox.sty
Package: etoolbox 2020/10/05 v2.5k e-TeX tools for LaTeX (JAW)
\etb@tempcnta=\count297
)
\tcb@titlebox=\box65
\tcb@upperbox=\box66
\tcb@lowerbox=\box67
\tcb@phantombox=\box68
\c@tcbbreakpart=\count298
\c@tcblayer=\count299
\c@tcolorbox@number=\count300
\tcb@temp=\box69
\tcb@temp=\box70
\tcb@temp=\box71
\tcb@temp=\box72
) (C:\Users\DANIEL\AppData\Local\Programs\MiKTeX\tex/latex/l3backend\l3backend-pdftex.def
File: l3backend-pdftex.def 2022-07-01 L3 backend support: PDF output (pdfTeX)
\l__color_backend_stack_int=\count301
\l__pdf_internal_box=\box73
) (C:\Users\DANIEL\workspace\gw2_srs\GW2_SRS\Documentation\build\complete_doc.aux)
\openout1 = `complete_doc.aux'.

LaTeX Font Info:    Checking defaults for OML/cmm/m/it on input line 48.
LaTeX Font Info:    ... okay on input line 48.
LaTeX Font Info:    Checking defaults for OMS/cmsy/m/n on input line 48.
LaTeX Font Info:    ... okay on input line 48.
LaTeX Font Info:    Checking defaults for OT1/cmr/m/n on input line 48.
LaTeX Font Info:    ... okay on input line 48.
LaTeX Font Info:    Checking defaults for T1/cmr/m/n on input line 48.
LaTeX Font Info:    ... okay on input line 48.
LaTeX Font Info:    Checking defaults for TS1/cmr/m/n on input line 48.
LaTeX Font Info:    ... okay on input line 48.
LaTeX Font Info:    Checking defaults for OMX/cmex/m/n on input line 48.
LaTeX Font Info:    ... okay on input line 48.
LaTeX Font Info:    Checking defaults for U/cmr/m/n on input line 48.
LaTeX Font Info:    ... okay on input line 48.
LaTeX Font Info:    Checking defaults for PD1/pdf/m/n on input line 48.
LaTeX Font Info:    ... okay on input line 48.
LaTeX Font Info:    Checking defaults for PU/pdf/m/n on input line 48.
LaTeX Font Info:    ... okay on input line 48.
Package hyperref Info: Link coloring OFF on input line 48.
 (C:\Users\DANIEL\workspace\gw2_srs\GW2_SRS\Documentation\build\complete_doc.out) (C:\Users\DANIEL\workspace\gw2_srs\GW2_SRS\Documentation\build\complete_doc.out)
\@outlinefile=\write5
\openout5 = `complete_doc.out'.

\c@lstlisting=\count302
 (C:\Users\DANIEL\AppData\Local\Programs\MiKTeX\tex/context/base/mkii\supp-pdf.mkii
[Loading MPS to PDF converter (version 2006.09.02).]
\scratchcounter=\count303
\scratchdimen=\dimen256
\scratchbox=\box74
\nofMPsegments=\count304
\nofMParguments=\count305
\everyMPshowfont=\toks36
\MPscratchCnt=\count306
\MPscratchDim=\dimen257
\MPnumerator=\count307
\makeMPintoPDFobject=\count308
\everyMPtoPDFconversion=\toks37
) (C:\Users\DANIEL\AppData\Local\Programs\MiKTeX\tex/latex/epstopdf-pkg\epstopdf-base.sty
Package: epstopdf-base 2020-01-24 v2.11 Base part for package epstopdf
Package epstopdf-base Info: Redefining graphics rule for `.eps' on input line 485.
 (C:\Users\DANIEL\AppData\Local\Programs\MiKTeX\tex/latex/00miktex\epstopdf-sys.cfg
File: epstopdf-sys.cfg 2021/03/18 v2.0 Configuration of epstopdf for MiKTeX
))
Package caption Info: Begin \AtBeginDocument code.
Package caption Info: float package is loaded.
Package caption Info: wrapfig package is loaded.
Package caption Info: End \AtBeginDocument code.
LaTeX Font Info:    External font `cmex10' loaded for size
(Font)              <17.28> on input line 50.
LaTeX Font Info:    External font `cmex10' loaded for size
(Font)              <12> on input line 50.
LaTeX Font Info:    External font `cmex10' loaded for size
(Font)              <14.4> on input line 50.
LaTeX Font Info:    External font `cmex10' loaded for size
(Font)              <7> on input line 50.
<Images/Nuevo_logo_GW2.png, id=6, 702.625pt x 488.82625pt>
File: Images/Nuevo_logo_GW2.png Graphic file (type png)
<use Images/Nuevo_logo_GW2.png>
Package pdftex.def Info: Images/Nuevo_logo_GW2.png  used on input line 53.
(pdftex.def)             Requested size: 390.0pt x 271.33907pt.
 [1

{C:/Users/DANIEL/AppData/Local/MiKTeX/fonts/map/pdftex/pdftex.map} <./Images/Nuevo_logo_GW2.png>]
LaTeX Font Info:    External font `cmex10' loaded for size
(Font)              <8> on input line 72.
LaTeX Font Info:    External font `cmex10' loaded for size
(Font)              <6> on input line 72.
LaTeX Font Info:    External font `cmex10' loaded for size
(Font)              <5> on input line 72.

Underfull \hbox (badness 10000) in paragraph at lines 74--78

 []

[2]
Underfull \hbox (badness 10000) in paragraph at lines 87--90

 []


Underfull \hbox (badness 10000) in paragraph at lines 91--93

 []

(C:\Users\DANIEL\AppData\Local\Programs\MiKTeX\tex/latex/listings\lstlang1.sty
File: lstlang1.sty 2020/03/24 1.8d listings language file
)
Underfull \hbox (badness 10000) in paragraph at lines 102--106

 []

[3]
Underfull \hbox (badness 10000) in paragraph at lines 146--150

 []

[4] [5]
Underfull \hbox (badness 10000) in paragraph at lines 195--201

 []

[6]
Underfull \hbox (badness 10000) in paragraph at lines 226--229

 []

<Images/json_schema.png, id=119, 584.1825pt x 450.18187pt>
File: Images/json_schema.png Graphic file (type png)
<use Images/json_schema.png>
Package pdftex.def Info: Images/json_schema.png  used on input line 233.
(pdftex.def)             Requested size: 312.00119pt x 240.44307pt.
<Images/json_raw.png, id=120, 1027.58907pt x 414.79968pt>
File: Images/json_raw.png Graphic file (type png)
<use Images/json_raw.png>
Package pdftex.def Info: Images/json_raw.png  used on input line 238.
(pdftex.def)             Requested size: 312.00119pt x 125.94092pt.
[7 <./Images/json_schema.png> <./Images/json_raw.png>]
Underfull \hbox (badness 10000) in paragraph at lines 245--249

 []

Package hyperref Info: bookmark level for unknown lstlisting defaults to 0 on input line 250.
[8] [9] [10] [11]
Overfull \hbox (5.05156pt too wide) in paragraph at lines 373--377
\OT1/cmr/m/n/12 The last part con-cern-ing the ETL pro-cess is load-ing the re-sults into a database.
 []


Underfull \hbox (badness 10000) in paragraph at lines 373--377

 []


Underfull \hbox (badness 10000) in paragraph at lines 383--385

 []

[12] [13]
Underfull \hbox (badness 10000) in paragraph at lines 430--434

 []

[14]
Underfull \hbox (badness 10000) in paragraph at lines 459--462

 []

<../Data_modelling/Assets/vg_graph.png, id=250, 468.3096pt x 298.4751pt>
File: ../Data_modelling/Assets/vg_graph.png Graphic file (type png)
<use ../Data_modelling/Assets/vg_graph.png>
Package pdftex.def Info: ../Data_modelling/Assets/vg_graph.png  used on input line 488.
(pdftex.def)             Requested size: 187.32051pt x 119.38792pt.
<../Data_modelling/Assets/gors_graph.png, id=251, 453.8556pt x 298.4751pt>
File: ../Data_modelling/Assets/gors_graph.png Graphic file (type png)
<use ../Data_modelling/Assets/gors_graph.png>
Package pdftex.def Info: ../Data_modelling/Assets/gors_graph.png  used on input line 493.
(pdftex.def)             Requested size: 181.53902pt x 119.38792pt.
[15 <../Data_modelling/Assets/vg_graph.png> <../Data_modelling/Assets/gors_graph.png>]
<../Data_modelling/Assets/sab_graph.png, id=261, 475.5366pt x 298.4751pt>
File: ../Data_modelling/Assets/sab_graph.png Graphic file (type png)
<use ../Data_modelling/Assets/sab_graph.png>
Package pdftex.def Info: ../Data_modelling/Assets/sab_graph.png  used on input line 506.
(pdftex.def)             Requested size: 190.21126pt x 119.38792pt.
<../Data_modelling/Assets/sloth_graph.png, id=262, 453.8556pt x 298.4751pt>
File: ../Data_modelling/Assets/sloth_graph.png Graphic file (type png)
<use ../Data_modelling/Assets/sloth_graph.png>
Package pdftex.def Info: ../Data_modelling/Assets/sloth_graph.png  used on input line 511.
(pdftex.def)             Requested size: 181.53902pt x 119.38792pt.
<../Data_modelling/Assets/matt_graph.png, id=263, 453.8556pt x 298.4751pt>
File: ../Data_modelling/Assets/matt_graph.png Graphic file (type png)
<use ../Data_modelling/Assets/matt_graph.png>
Package pdftex.def Info: ../Data_modelling/Assets/matt_graph.png  used on input line 517.
(pdftex.def)             Requested size: 181.53902pt x 119.38792pt.
<../Data_modelling/Assets/kc_graph.png, id=264, 462.528pt x 298.4751pt>
File: ../Data_modelling/Assets/kc_graph.png Graphic file (type png)
<use ../Data_modelling/Assets/kc_graph.png>
Package pdftex.def Info: ../Data_modelling/Assets/kc_graph.png  used on input line 522.
(pdftex.def)             Requested size: 185.0079pt x 119.38792pt.
<../Data_modelling/Assets/xera_graph.png, id=265, 453.8556pt x 298.4751pt>
File: ../Data_modelling/Assets/xera_graph.png Graphic file (type png)
<use ../Data_modelling/Assets/xera_graph.png>
Package pdftex.def Info: ../Data_modelling/Assets/xera_graph.png  used on input line 528.
(pdftex.def)             Requested size: 181.53902pt x 119.38792pt.
<../Data_modelling/Assets/cairn_graph.png, id=266, 453.8556pt x 298.4751pt>
File: ../Data_modelling/Assets/cairn_graph.png Graphic file (type png)
<use ../Data_modelling/Assets/cairn_graph.png>
Package pdftex.def Info: ../Data_modelling/Assets/cairn_graph.png  used on input line 533.
(pdftex.def)             Requested size: 181.53902pt x 119.38792pt.
<../Data_modelling/Assets/mo_graph.png, id=267, 453.8556pt x 298.4751pt>
File: ../Data_modelling/Assets/mo_graph.png Graphic file (type png)
<use ../Data_modelling/Assets/mo_graph.png>
Package pdftex.def Info: ../Data_modelling/Assets/mo_graph.png  used on input line 539.
(pdftex.def)             Requested size: 181.53902pt x 119.38792pt.
<../Data_modelling/Assets/sam_graph.png, id=268, 482.7636pt x 298.4751pt>
File: ../Data_modelling/Assets/sam_graph.png Graphic file (type png)
<use ../Data_modelling/Assets/sam_graph.png>
Package pdftex.def Info: ../Data_modelling/Assets/sam_graph.png  used on input line 544.
(pdftex.def)             Requested size: 193.102pt x 119.38792pt.
 [16 <../Data_modelling/Assets/sab_graph.png> <../Data_modelling/Assets/sloth_graph.png> <../Data_modelling/Assets/matt_graph.png> <../Data_modelling/Assets/kc_graph.png> <../Data_modelling/Assets/xera_graph.png> <../Data_modelling/Assets/cairn_graph.png> <../Data_modelling/Assets/mo_graph.png> <../Data_modelling/Assets/sam_graph.png>]
<../Data_modelling/Assets/dei_graph.png, id=282, 473.3685pt x 298.4751pt>
File: ../Data_modelling/Assets/dei_graph.png Graphic file (type png)
<use ../Data_modelling/Assets/dei_graph.png>
Package pdftex.def Info: ../Data_modelling/Assets/dei_graph.png  used on input line 557.
(pdftex.def)             Requested size: 189.34404pt x 119.38792pt.
<../Data_modelling/Assets/sh_graph.png, id=283, 453.8556pt x 298.4751pt>
File: ../Data_modelling/Assets/sh_graph.png Graphic file (type png)
<use ../Data_modelling/Assets/sh_graph.png>
Package pdftex.def Info: ../Data_modelling/Assets/sh_graph.png  used on input line 562.
(pdftex.def)             Requested size: 181.53902pt x 119.38792pt.
<../Data_modelling/Assets/dhuum_graph.png, id=284, 453.8556pt x 298.4751pt>
File: ../Data_modelling/Assets/dhuum_graph.png Graphic file (type png)
<use ../Data_modelling/Assets/dhuum_graph.png>
Package pdftex.def Info: ../Data_modelling/Assets/dhuum_graph.png  used on input line 568.
(pdftex.def)             Requested size: 181.53902pt x 119.38792pt.
<../Data_modelling/Assets/ca_graph.png, id=285, 453.8556pt x 298.4751pt>
File: ../Data_modelling/Assets/ca_graph.png Graphic file (type png)
<use ../Data_modelling/Assets/ca_graph.png>
Package pdftex.def Info: ../Data_modelling/Assets/ca_graph.png  used on input line 573.
(pdftex.def)             Requested size: 181.53902pt x 119.38792pt.
<../Data_modelling/Assets/twins_graph.png, id=286, 462.528pt x 298.4751pt>
File: ../Data_modelling/Assets/twins_graph.png Graphic file (type png)
<use ../Data_modelling/Assets/twins_graph.png>
Package pdftex.def Info: ../Data_modelling/Assets/twins_graph.png  used on input line 579.
(pdftex.def)             Requested size: 185.0079pt x 119.38792pt.
<../Data_modelling/Assets/q1_graph.png, id=287, 453.8556pt x 298.4751pt>
File: ../Data_modelling/Assets/q1_graph.png Graphic file (type png)
<use ../Data_modelling/Assets/q1_graph.png>
Package pdftex.def Info: ../Data_modelling/Assets/q1_graph.png  used on input line 584.
(pdftex.def)             Requested size: 181.53902pt x 119.38792pt.
<../Data_modelling/Assets/adina_graph.png, id=288, 462.528pt x 298.4751pt>
File: ../Data_modelling/Assets/adina_graph.png Graphic file (type png)
<use ../Data_modelling/Assets/adina_graph.png>
Package pdftex.def Info: ../Data_modelling/Assets/adina_graph.png  used on input line 590.
(pdftex.def)             Requested size: 185.0079pt x 119.38792pt.
<../Data_modelling/Assets/sabir_graph.png, id=289, 453.8556pt x 298.4751pt>
File: ../Data_modelling/Assets/sabir_graph.png Graphic file (type png)
<use ../Data_modelling/Assets/sabir_graph.png>
Package pdftex.def Info: ../Data_modelling/Assets/sabir_graph.png  used on input line 595.
(pdftex.def)             Requested size: 181.53902pt x 119.38792pt.
 [17 <../Data_modelling/Assets/dei_graph.png> <../Data_modelling/Assets/sh_graph.png> <../Data_modelling/Assets/dhuum_graph.png> <../Data_modelling/Assets/ca_graph.png> <../Data_modelling/Assets/twins_graph.png> <../Data_modelling/Assets/q1_graph.png> <../Data_modelling/Assets/adina_graph.png> <../Data_modelling/Assets/sabir_graph.png>]
<../Data_modelling/Assets/prlqadim_graph.png, id=303, 453.8556pt x 298.4751pt>
File: ../Data_modelling/Assets/prlqadim_graph.png Graphic file (type png)
<use ../Data_modelling/Assets/prlqadim_graph.png>
Package pdftex.def Info: ../Data_modelling/Assets/prlqadim_graph.png  used on input line 604.
(pdftex.def)             Requested size: 181.53902pt x 119.38792pt.

Underfull \hbox (badness 1742) in paragraph at lines 608--612
[][]\OT1/cmr/m/n/12 All this graphs rep-re-sent the
 []


Underfull \hbox (badness 10000) in paragraph at lines 608--612

 []


Underfull \hbox (badness 10000) in paragraph at lines 613--621

 []

[18 <../Data_modelling/Assets/prlqadim_graph.png>]
<../Data_modelling/Assets/vg_dps_plot.png, id=311, 615.7404pt x 401.8212pt>
File: ../Data_modelling/Assets/vg_dps_plot.png Graphic file (type png)
<use ../Data_modelling/Assets/vg_dps_plot.png>
Package pdftex.def Info: ../Data_modelling/Assets/vg_dps_plot.png  used on input line 638.
(pdftex.def)             Requested size: 390.0pt x 254.50983pt.
<../Data_modelling/Assets/gors_dps_plot.png, id=312, 615.7404pt x 387.3672pt>
File: ../Data_modelling/Assets/gors_dps_plot.png Graphic file (type png)
<use ../Data_modelling/Assets/gors_dps_plot.png>
Package pdftex.def Info: ../Data_modelling/Assets/gors_dps_plot.png  used on input line 640.
(pdftex.def)             Requested size: 390.0pt x 245.35481pt.
 [19 <../Data_modelling/Assets/vg_dps_plot.png> <../Data_modelling/Assets/gors_dps_plot.png>]
<../Data_modelling/Assets/sab_dps_plot.png, id=321, 615.0177pt x 624.4128pt>
File: ../Data_modelling/Assets/sab_dps_plot.png Graphic file (type png)
<use ../Data_modelling/Assets/sab_dps_plot.png>
Package pdftex.def Info: ../Data_modelling/Assets/sab_dps_plot.png  used on input line 650.
(pdftex.def)             Requested size: 390.0pt x 395.96416pt.

Underfull \hbox (badness 10000) in paragraph at lines 654--657

 []

[20 <../Data_modelling/Assets/sab_dps_plot.png>]
<../Data_modelling/Assets/sloth_dps_plot.png, id=328, 615.0177pt x 443.0151pt>
File: ../Data_modelling/Assets/sloth_dps_plot.png Graphic file (type png)
<use ../Data_modelling/Assets/sloth_dps_plot.png>
Package pdftex.def Info: ../Data_modelling/Assets/sloth_dps_plot.png  used on input line 669.
(pdftex.def)             Requested size: 390.0pt x 280.9329pt.

Underfull \hbox (badness 10000) in paragraph at lines 673--678

 []


Underfull \hbox (badness 10000) in paragraph at lines 679--682

 []

[21 <../Data_modelling/Assets/sloth_dps_plot.png>]
<../Data_modelling/Assets/matt_dps_plot.png, id=335, 615.0177pt x 609.9588pt>
File: ../Data_modelling/Assets/matt_dps_plot.png Graphic file (type png)
<use ../Data_modelling/Assets/matt_dps_plot.png>
Package pdftex.def Info: ../Data_modelling/Assets/matt_dps_plot.png  used on input line 693.
(pdftex.def)             Requested size: 390.0pt x 386.79834pt.
 [22 <../Data_modelling/Assets/matt_dps_plot.png>]
<../Data_modelling/Assets/kc_dps_plot.png, id=342, 615.0177pt x 445.1832pt>
File: ../Data_modelling/Assets/kc_dps_plot.png Graphic file (type png)
<use ../Data_modelling/Assets/kc_dps_plot.png>
Package pdftex.def Info: ../Data_modelling/Assets/kc_dps_plot.png  used on input line 708.
(pdftex.def)             Requested size: 390.0pt x 282.30779pt.
<../Data_modelling/Assets/xera_dps_plot.png, id=343, 615.7404pt x 387.3672pt>
File: ../Data_modelling/Assets/xera_dps_plot.png Graphic file (type png)
<use ../Data_modelling/Assets/xera_dps_plot.png>
Package pdftex.def Info: ../Data_modelling/Assets/xera_dps_plot.png  used on input line 710.
(pdftex.def)             Requested size: 390.0pt x 245.35481pt.
 [23 <../Data_modelling/Assets/kc_dps_plot.png> <../Data_modelling/Assets/xera_dps_plot.png>]
<../Data_modelling/Assets/cairn_dps_plot.png, id=351, 615.7404pt x 387.3672pt>
File: ../Data_modelling/Assets/cairn_dps_plot.png Graphic file (type png)
<use ../Data_modelling/Assets/cairn_dps_plot.png>
Package pdftex.def Info: ../Data_modelling/Assets/cairn_dps_plot.png  used on input line 720.
(pdftex.def)             Requested size: 390.0pt x 245.35481pt.
<../Data_modelling/Assets/mo_dps_plot.png, id=352, 615.0177pt x 387.3672pt>
File: ../Data_modelling/Assets/mo_dps_plot.png Graphic file (type png)
<use ../Data_modelling/Assets/mo_dps_plot.png>
Package pdftex.def Info: ../Data_modelling/Assets/mo_dps_plot.png  used on input line 722.
(pdftex.def)             Requested size: 390.0pt x 245.64444pt.
 [24 <../Data_modelling/Assets/cairn_dps_plot.png> <../Data_modelling/Assets/mo_dps_plot.png>]
<../Data_modelling/Assets/sam_dps_plot.png, id=360, 615.7404pt x 518.1759pt>
File: ../Data_modelling/Assets/sam_dps_plot.png Graphic file (type png)
<use ../Data_modelling/Assets/sam_dps_plot.png>
Package pdftex.def Info: ../Data_modelling/Assets/sam_dps_plot.png  used on input line 732.
(pdftex.def)             Requested size: 390.0pt x 328.20782pt.
 [25 <../Data_modelling/Assets/sam_dps_plot.png>]
<../Data_modelling/Assets/dei_dps_plot.png, id=368, 615.7404pt x 406.8801pt>
File: ../Data_modelling/Assets/dei_dps_plot.png Graphic file (type png)
<use ../Data_modelling/Assets/dei_dps_plot.png>
Package pdftex.def Info: ../Data_modelling/Assets/dei_dps_plot.png  used on input line 748.
(pdftex.def)             Requested size: 312.00119pt x 206.17128pt.
<../Data_modelling/Assets/sh_dps_plot.png, id=369, 614.295pt x 554.3109pt>
File: ../Data_modelling/Assets/sh_dps_plot.png Graphic file (type png)
<use ../Data_modelling/Assets/sh_dps_plot.png>
Package pdftex.def Info: ../Data_modelling/Assets/sh_dps_plot.png  used on input line 750.
(pdftex.def)             Requested size: 350.99762pt x 316.72173pt.
 [26 <../Data_modelling/Assets/dei_dps_plot.png> <../Data_modelling/Assets/sh_dps_plot.png>]
<../Data_modelling/Assets/dhuum_dps_plot.png, id=377, 615.0177pt x 387.3672pt>
File: ../Data_modelling/Assets/dhuum_dps_plot.png Graphic file (type png)
<use ../Data_modelling/Assets/dhuum_dps_plot.png>
Package pdftex.def Info: ../Data_modelling/Assets/dhuum_dps_plot.png  used on input line 760.
(pdftex.def)             Requested size: 390.0pt x 245.64444pt.
<../Data_modelling/Assets/ca_dps_plot.png, id=378, 615.7404pt x 387.3672pt>
File: ../Data_modelling/Assets/ca_dps_plot.png Graphic file (type png)
<use ../Data_modelling/Assets/ca_dps_plot.png>
Package pdftex.def Info: ../Data_modelling/Assets/ca_dps_plot.png  used on input line 762.
(pdftex.def)             Requested size: 390.0pt x 245.35481pt.
 [27 <../Data_modelling/Assets/dhuum_dps_plot.png> <../Data_modelling/Assets/ca_dps_plot.png>]
<../Data_modelling/Assets/twins_dps_plot.png, id=386, 781.2387pt x 387.3672pt>
File: ../Data_modelling/Assets/twins_dps_plot.png Graphic file (type png)
<use ../Data_modelling/Assets/twins_dps_plot.png>
Package pdftex.def Info: ../Data_modelling/Assets/twins_dps_plot.png  used on input line 772.
(pdftex.def)             Requested size: 390.0pt x 193.37576pt.
<../Data_modelling/Assets/q1_dps_plot.png, id=387, 615.0177pt x 387.3672pt>
File: ../Data_modelling/Assets/q1_dps_plot.png Graphic file (type png)
<use ../Data_modelling/Assets/q1_dps_plot.png>
Package pdftex.def Info: ../Data_modelling/Assets/q1_dps_plot.png  used on input line 774.
(pdftex.def)             Requested size: 390.0pt x 245.64444pt.
 [28 <../Data_modelling/Assets/twins_dps_plot.png> <../Data_modelling/Assets/q1_dps_plot.png>]
<../Data_modelling/Assets/adina_dps_plot.png, id=395, 615.0177pt x 388.8126pt>
File: ../Data_modelling/Assets/adina_dps_plot.png Graphic file (type png)
<use ../Data_modelling/Assets/adina_dps_plot.png>
Package pdftex.def Info: ../Data_modelling/Assets/adina_dps_plot.png  used on input line 784.
(pdftex.def)             Requested size: 390.0pt x 246.56102pt.
<../Data_modelling/Assets/sabir_dps_plot.png, id=396, 615.0177pt x 387.3672pt>
File: ../Data_modelling/Assets/sabir_dps_plot.png Graphic file (type png)
<use ../Data_modelling/Assets/sabir_dps_plot.png>
Package pdftex.def Info: ../Data_modelling/Assets/sabir_dps_plot.png  used on input line 786.
(pdftex.def)             Requested size: 390.0pt x 245.64444pt.
 [29 <../Data_modelling/Assets/adina_dps_plot.png> <../Data_modelling/Assets/sabir_dps_plot.png>]
<../Data_modelling/Assets/prlqadim_dps_plot.png, id=404, 781.2387pt x 665.6067pt>
File: ../Data_modelling/Assets/prlqadim_dps_plot.png Graphic file (type png)
<use ../Data_modelling/Assets/prlqadim_dps_plot.png>
Package pdftex.def Info: ../Data_modelling/Assets/prlqadim_dps_plot.png  used on input line 796.
(pdftex.def)             Requested size: 390.0pt x 332.2744pt.

Underfull \hbox (badness 10000) in paragraph at lines 800--803

 []

[30 <../Data_modelling/Assets/prlqadim_dps_plot.png>]
<../Data_modelling/Assets/class_percentage.png, id=411, 169.1118pt x 775.4571pt>
File: ../Data_modelling/Assets/class_percentage.png Graphic file (type png)
<use ../Data_modelling/Assets/class_percentage.png>
Package pdftex.def Info: ../Data_modelling/Assets/class_percentage.png  used on input line 813.
(pdftex.def)             Requested size: 118.37744pt x 542.81628pt.

Underfull \hbox (badness 2310) in paragraph at lines 816--819
\OT1/cmr/m/n/12 are used a lot more than oth-
 []


Underfull \hbox (badness 1939) in paragraph at lines 816--819
\OT1/cmr/m/n/12 ers. This changes a lot as it
 []


Underfull \hbox (badness 1237) in paragraph at lines 816--819
\OT1/cmr/m/n/12 is im-por-tant to know that buffs
 []


Underfull \hbox (badness 3872) in paragraph at lines 816--819
\OT1/cmr/m/n/12 and nerfs get done within the
 []


Underfull \hbox (badness 1221) in paragraph at lines 816--819
\OT1/cmr/m/n/12 game af-ter some time, which in
 []


Underfull \hbox (badness 7151) in paragraph at lines 816--819
\OT1/cmr/m/n/12 the end keeps the game bal-
 []


Underfull \hbox (badness 10000) in paragraph at lines 816--819

 []


Underfull \hbox (badness 4505) in paragraph at lines 820--822
\OT1/cmr/m/n/12 May to Septem-ber 2022 sta-tus
 []


Underfull \hbox (badness 1117) in paragraph at lines 820--822
\OT1/cmr/m/n/12 of the game, there-fore, with fu-
 []


Underfull \hbox (badness 2393) in paragraph at lines 820--822
\OT1/cmr/m/n/12 it's highly prob-a-ble that re-sults
 []


Underfull \hbox (badness 10000) in paragraph at lines 820--822

 []

[31 <../Data_modelling/Assets/class_percentage.png>]
Underfull \hbox (badness 10000) in paragraph at lines 832--835

 []


Underfull \hbox (badness 10000) in paragraph at lines 836--841

 []

<Images/GitHub-logo.png, id=423, 3854.4pt x 2168.1pt>
File: Images/GitHub-logo.png Graphic file (type png)
<use Images/GitHub-logo.png>
Package pdftex.def Info: Images/GitHub-logo.png  used on input line 862.
(pdftex.def)             Requested size: 58.49762pt x 32.884pt.
<Images/LinkedIn_Logo.png, id=425, 2569.6pt x 697.60625pt>
File: Images/LinkedIn_Logo.png Graphic file (type png)
<use Images/LinkedIn_Logo.png>
Package pdftex.def Info: Images/LinkedIn_Logo.png  used on input line 865.
(pdftex.def)             Requested size: 58.49762pt x 15.8711pt.
<Images/GitLab_logo.png, id=427, 2569.6pt x 986.68625pt>
File: Images/GitLab_logo.png Graphic file (type png)
<use Images/GitLab_logo.png>
Package pdftex.def Info: Images/GitLab_logo.png  used on input line 868.
(pdftex.def)             Requested size: 58.49762pt x 22.44789pt.
[32 <./Images/GitHub-logo.png> <./Images/LinkedIn_Logo.png> <./Images/GitLab_logo.png>] (C:\Users\DANIEL\workspace\gw2_srs\GW2_SRS\Documentation\build\complete_doc.aux)
Package rerunfilecheck Info: File `complete_doc.out' has not changed.
(rerunfilecheck)             Checksum: D41D8CD98F00B204E9800998ECF8427E;0.
 ) 
Here is how much of TeX's memory you used:
 22560 strings out of 478338
 429459 string characters out of 2836227
 1088138 words of memory out of 3000000
 40409 multiletter control sequences out of 15000+600000
 477008 words of font info for 54 fonts, out of 8000000 for 9000
 1141 hyphenation exceptions out of 8191
 83i,10n,80p,481b,1308s stack positions out of 10000i,1000n,20000p,200000b,80000s
 <C:\Users\DANIEL\AppData\Local\MiKTeX\fonts/pk/ljfour/jknappen/ec/dpi600\tcrm1200.pk><C:/Users/DANIEL/AppData/Local/Programs/MiKTeX/fonts/type1/public/amsfonts/cm/cmbx12.pfb><C:/Users/DANIEL/AppData/Local/Programs/MiKTeX/fonts/type1/public/amsfonts/cm/cmr10.pfb><C:/Users/DANIEL/AppData/Local/Programs/MiKTeX/fonts/type1/public/amsfonts/cm/cmr12.pfb><C:/Users/DANIEL/AppData/Local/Programs/MiKTeX/fonts/type1/public/amsfonts/cm/cmr17.pfb><C:/Users/DANIEL/AppData/Local/Programs/MiKTeX/fonts/type1/public/amsfonts/cm/cmr6.pfb><C:/Users/DANIEL/AppData/Local/Programs/MiKTeX/fonts/type1/public/amsfonts/cm/cmr7.pfb><C:/Users/DANIEL/AppData/Local/Programs/MiKTeX/fonts/type1/public/amsfonts/cm/cmr8.pfb><C:/Users/DANIEL/AppData/Local/Programs/MiKTeX/fonts/type1/public/amsfonts/cm/cmti10.pfb><C:/Users/DANIEL/AppData/Local/Programs/MiKTeX/fonts/type1/public/amsfonts/cm/cmti12.pfb><C:/Users/DANIEL/AppData/Local/Programs/MiKTeX/fonts/type1/public/amsfonts/cm/cmtt10.pfb>
Output written on C:\Users\DANIEL\workspace\gw2_srs\GW2_SRS\Documentation\build\complete_doc.pdf (32 pages, 2361438 bytes).
PDF statistics:
 527 PDF objects out of 1000 (max. 8388607)
 214 named destinations out of 1000 (max. 500000)
 238 words of extra memory for PDF output out of 10000 (max. 10000000)

